<?xml version="1.0" encoding="UTF-8"?>
<!-- Generated by org.testng.reporters.JUnitXMLReporter -->
<testsuite hostname="DESKTOP-K54VKPM" ignored="0" name="Test" tests="5" failures="0" timestamp="2023-06-19T14:42:24 IST" time="40.475" errors="0">
  <testcase name="voteTest" time="0.807" classname="test_cases.VoteTest"/>
  <testcase name="sortBooksTestCase" time="17.008" classname="test_cases.SortBooksTest"/>
  <testcase name="voteTestCase" time="1.184" classname="test_cases.SubscribeTest"/>
  <testcase name="voteTestCase" time="0.367" classname="test_cases.SubscribeTest"/>
  <testcase name="voteTestCase" time="1.09" classname="test_cases.SubscribeTest"/>
</testsuite> <!-- Test -->
