<?xml version="1.0" encoding="UTF-8"?>
<testsuite xmlns:xsi="http://www.w3.org/2001/XMLSchema-instance" xsi:noNamespaceSchemaLocation="https://maven.apache.org/surefire/maven-surefire-plugin/xsd/surefire-test-report-3.0.xsd" version="3.0" name="TestSuite" time="41.89" tests="5" errors="0" skipped="0" failures="0">
  <properties>
[...]
</properties>
  <testcase name="voteTest" classname="test_cases.VoteTest" time="0.812">
    <system-out><![CDATA[Url is :   https://demowebshop.tricentis.com/
]]></system-out>
    <system-err><![CDATA[Starting ChromeDriver 113.0.5672.63 (0e1a4471d5ae5bf128b1bd8f4d627c8cbd55f70c-refs/branch-heads/5672@{#912}) on port 3061
Only local connections are allowed.
Please see https://chromedriver.chromium.org/security-considerations for suggestions on keeping ChromeDriver safe.
ChromeDriver was started successfully.
[1687165907.642][WARNING]: This version of ChromeDriver has not been tested with Chrome version 114.
Jun 19, 2023 2:41:47 PM org.openqa.selenium.remote.ProtocolHandshake createSession
INFO: Detected dialect: W3C
]]></system-err>
  </testcase>
  <testcase name="sortBooksTestCase" classname="test_cases.SortBooksTest" time="17.006">
    <system-out><![CDATA[Url is :   https://demowebshop.tricentis.com/
]]></system-out>
    <system-err><![CDATA[Starting ChromeDriver 113.0.5672.63 (0e1a4471d5ae5bf128b1bd8f4d627c8cbd55f70c-refs/branch-heads/5672@{#912}) on port 10636
Only local connections are allowed.
Please see https://chromedriver.chromium.org/security-considerations for suggestions on keeping ChromeDriver safe.
ChromeDriver was started successfully.
[1687165914.157][WARNING]: This version of ChromeDriver has not been tested with Chrome version 114.
Jun 19, 2023 2:41:54 PM org.openqa.selenium.remote.ProtocolHandshake createSession
INFO: Detected dialect: W3C
]]></system-err>
  </testcase>
  <testcase name="voteTestCase[nandankumarms@gmail.com](1)" classname="test_cases.SubscribeTest" time="1.186">
    <system-out><![CDATA[Url is :   https://demowebshop.tricentis.com/
]]></system-out>
    <system-err><![CDATA[[1687165934.628][SEVERE]: Unable to receive message from renderer
Starting ChromeDriver 113.0.5672.63 (0e1a4471d5ae5bf128b1bd8f4d627c8cbd55f70c-refs/branch-heads/5672@{#912}) on port 28379
Only local connections are allowed.
Please see https://chromedriver.chromium.org/security-considerations for suggestions on keeping ChromeDriver safe.
ChromeDriver was started successfully.
[1687165936.408][WARNING]: This version of ChromeDriver has not been tested with Chrome version 114.
Jun 19, 2023 2:42:16 PM org.openqa.selenium.remote.ProtocolHandshake createSession
INFO: Detected dialect: W3C
ERROR StatusLogger Log4j2 could not find a logging implementation. Please add log4j-core to the classpath. Using SimpleLogger to log to the console...
]]></system-err>
  </testcase>
  <testcase name="voteTestCase[nandan@gmail.com](2)" classname="test_cases.SubscribeTest" time="0.367"/>
  <testcase name="voteTestCase[nandan123@gmail.com](3)" classname="test_cases.SubscribeTest" time="1.09"/>
</testsuite>