<?xml version="1.0" encoding="UTF-8"?>
<testng-results ignored="0" total="1" passed="1" failed="0" skipped="0">
  <reporter-output>
  </reporter-output>
  <suite started-at="2023-06-19T16:58:55 IST" name="Suite" finished-at="2023-06-19T16:59:10 IST" duration-ms="15330">
    <groups>
    </groups>
    <test started-at="2023-06-19T16:58:55 IST" name="Test" finished-at="2023-06-19T16:59:10 IST" duration-ms="15330">
      <class name="test_cases.AddSmartPhoneToCart">
        <test-method is-config="true" signature="browserSetUp(java.lang.String)[pri:0, instance:test_cases.AddSmartPhoneToCart@25084a1e]" started-at="2023-06-19T16:58:55 IST" name="browserSetUp" finished-at="2023-06-19T16:59:01 IST" duration-ms="5890" status="PASS">
          <params>
            <param index="0">
              <value>
                <![CDATA[https://demowebshop.tricentis.com/]]>
              </value>
            </param>
          </params>
          <reporter-output>
          </reporter-output>
        </test-method> <!-- browserSetUp -->
        <test-method signature="addSmartPhoneTestCase(java.lang.String,java.lang.String)[pri:0, instance:test_cases.AddSmartPhoneToCart@25084a1e]" started-at="2023-06-19T16:59:03 IST" name="addSmartPhoneTestCase" data-provider="LoginData" finished-at="2023-06-19T16:59:10 IST" duration-ms="6980" status="PASS">
          <params>
            <param index="0">
              <value>
                <![CDATA[nandanms@gmail.com]]>
              </value>
            </param>
            <param index="1">
              <value>
                <![CDATA[nandan@1234]]>
              </value>
            </param>
          </params>
          <reporter-output>
          </reporter-output>
        </test-method> <!-- addSmartPhoneTestCase -->
        <test-method is-config="true" signature="BrowserTearDown()[pri:0, instance:test_cases.AddSmartPhoneToCart@25084a1e]" started-at="2023-06-19T16:59:10 IST" name="BrowserTearDown" finished-at="2023-06-19T16:59:10 IST" duration-ms="394" status="PASS">
          <reporter-output>
          </reporter-output>
        </test-method> <!-- BrowserTearDown -->
      </class> <!-- test_cases.AddSmartPhoneToCart -->
    </test> <!-- Test -->
  </suite> <!-- Suite -->
</testng-results>
